  Arithmetic.cpp
Arithmetic.cpp(58): warning C4018: “>=”: 有符号/无符号不匹配
Arithmetic.cpp(87): warning C4018: “>=”: 有符号/无符号不匹配
Arithmetic.cpp(92): warning C4018: “<”: 有符号/无符号不匹配
Arithmetic.cpp(105): warning C4018: “>=”: 有符号/无符号不匹配
Arithmetic.cpp(110): warning C4018: “<”: 有符号/无符号不匹配
Arithmetic.cpp(125): warning C4018: “<”: 有符号/无符号不匹配
  DFAMatrix.cpp
  EpsilonNFA.cpp
  Graph.cpp
  GraphManager.cpp
  LinkManager.cpp
  main.cpp
  Node.cpp
  Regex.cpp
Regex.cpp(54): warning C4018: “<”: 有符号/无符号不匹配
Regex.cpp(85): warning C4018: “<”: 有符号/无符号不匹配
  DataType.cpp
  StatSet.cpp
  正在生成代码
c:\users\asus\documents\github\regex\regex\linkmanager.cpp(83): warning C4715: “LinkManager::getLink”: 不是所有的控件路径都返回值
  All 709 functions were compiled because no usable IPDB/IOBJ from previous compilation was found.
  已完成代码的生成
  Regex.vcxproj -> C:\Users\asus\Documents\GitHub\Regex\Regex\Release\Regex.exe
